<?xml version="1.0" encoding="UTF-8"?>
<coverage generated="1788274096857" clover="3.2.0">
  <project timestamp="1788274096857" name="All files">
    <metrics statements="97" coveredstatements="95" conditionals="20" coveredconditionals="18" methods="60" coveredmethods="58" elements="177" coveredelements="171" complexity="0" loc="97" ncloc="97" packages="3" files="14" classes="14"/>
    <package name="src">
      <metrics statements="58" coveredstatements="56" conditionals="16" coveredconditionals="14" methods="27" coveredmethods="26"/>
      <file name="Celdas.ts" path="C:\repositorios\tetris\tetrominos-ucp\src\Celdas.ts">
        <metrics statements="3" coveredstatements="3" conditionals="2" coveredconditionals="2" methods="2" coveredmethods="2"/>
        <line num="4" count="387" type="stmt"/>
        <line num="5" count="387" type="stmt"/>
        <line num="9" count="168" type="cond" truecount="2" falsecount="0"/>
      </file>
      <file name="Reloj.ts" path="C:\repositorios\tetris\tetrominos-ucp\src\Reloj.ts">
        <metrics statements="5" coveredstatements="5" conditionals="0" coveredconditionals="0" methods="4" coveredmethods="3"/>
        <line num="12" count="7" type="stmt"/>
        <line num="15" count="7" type="stmt"/>
        <line num="21" count="3" type="stmt"/>
        <line num="24" count="3" type="stmt"/>
        <line num="30" count="3" type="stmt"/>
      </file>
      <file name="Tablero.ts" path="C:\repositorios\tetris\tetrominos-ucp\src\Tablero.ts">
        <metrics statements="30" coveredstatements="29" conditionals="10" coveredconditionals="9" methods="15" coveredmethods="15"/>
        <line num="6" count="16" type="stmt"/>
        <line num="7" count="16" type="stmt"/>
        <line num="11" count="16" type="stmt"/>
        <line num="17" count="50" type="stmt"/>
        <line num="29" count="6" type="stmt"/>
        <line num="30" count="38" type="stmt"/>
        <line num="33" count="6" type="cond" truecount="2" falsecount="0"/>
        <line num="34" count="5" type="stmt"/>
        <line num="42" count="3" type="stmt"/>
        <line num="43" count="12" type="stmt"/>
        <line num="54" count="4" type="stmt"/>
        <line num="55" count="10" type="stmt"/>
        <line num="67" count="1" type="cond" truecount="1" falsecount="1"/>
        <line num="68" count="0" type="stmt"/>
        <line num="71" count="1" type="stmt"/>
        <line num="73" count="1" type="stmt"/>
        <line num="81" count="2" type="stmt"/>
        <line num="84" count="2" type="stmt"/>
        <line num="87" count="40" type="stmt"/>
        <line num="88" count="440" type="stmt"/>
        <line num="93" count="40" type="cond" truecount="2" falsecount="0"/>
        <line num="94" count="2" type="stmt"/>
        <line num="99" count="40" type="stmt"/>
        <line num="100" count="22" type="stmt"/>
        <line num="105" count="40" type="stmt"/>
        <line num="107" count="2" type="stmt"/>
        <line num="108" count="2" type="stmt"/>
        <line num="111" count="2" type="stmt"/>
        <line num="118" count="40" type="stmt"/>
        <line num="124" count="6" type="stmt"/>
      </file>
      <file name="Tetris.ts" path="C:\repositorios\tetris\tetrominos-ucp\src\Tetris.ts">
        <metrics statements="20" coveredstatements="19" conditionals="4" coveredconditionals="3" methods="6" coveredmethods="6"/>
        <line num="30" count="5" type="stmt"/>
        <line num="33" count="5" type="stmt"/>
        <line num="36" count="5" type="stmt"/>
        <line num="39" count="5" type="stmt"/>
        <line num="42" count="5" type="stmt"/>
        <line num="48" count="2" type="stmt"/>
        <line num="49" count="2" type="stmt"/>
        <line num="56" count="2" type="stmt"/>
        <line num="63" count="1" type="stmt"/>
        <line num="66" count="1" type="stmt"/>
        <line num="67" count="2" type="stmt"/>
        <line num="74" count="3" type="cond" truecount="2" falsecount="0"/>
        <line num="75" count="1" type="stmt"/>
        <line num="79" count="2" type="stmt"/>
        <line num="82" count="2" type="stmt"/>
        <line num="85" count="2" type="stmt"/>
        <line num="87" count="2" type="cond" truecount="1" falsecount="1"/>
        <line num="91" count="2" type="stmt"/>
        <line num="94" count="2" type="stmt"/>
        <line num="99" count="0" type="stmt"/>
      </file>
    </package>
    <package name="src.piezas">
      <metrics statements="31" coveredstatements="31" conditionals="4" coveredconditionals="4" methods="26" coveredmethods="26"/>
      <file name="PiezaBase.ts" path="C:\repositorios\tetris\tetrominos-ucp\src\piezas\PiezaBase.ts">
        <metrics statements="26" coveredstatements="26" conditionals="4" coveredconditionals="4" methods="21" coveredmethods="21"/>
        <line num="14" count="27" type="stmt"/>
        <line num="17" count="27" type="stmt"/>
        <line num="23" count="24" type="stmt"/>
        <line num="26" count="24" type="stmt"/>
        <line num="28" count="69" type="stmt"/>
        <line num="31" count="118" type="cond" truecount="2" falsecount="0"/>
        <line num="37" count="96" type="stmt"/>
        <line num="38" count="96" type="stmt"/>
        <line num="41" count="24" type="stmt"/>
        <line num="42" count="96" type="stmt"/>
        <line num="51" count="1" type="stmt"/>
        <line num="56" count="5" type="stmt"/>
        <line num="63" count="2" type="stmt"/>
        <line num="68" count="35" type="stmt"/>
        <line num="73" count="23" type="stmt"/>
        <line num="79" count="18" type="stmt"/>
        <line num="81" count="18" type="stmt"/>
        <line num="82" count="68" type="stmt"/>
        <line num="83" count="165" type="stmt"/>
        <line num="87" count="18" type="cond" truecount="2" falsecount="0"/>
        <line num="93" count="8" type="stmt"/>
        <line num="95" count="8" type="stmt"/>
        <line num="96" count="32" type="stmt"/>
        <line num="106" count="5" type="stmt"/>
        <line num="108" count="5" type="stmt"/>
        <line num="109" count="20" type="stmt"/>
      </file>
      <file name="PiezaCuadrado.ts" path="C:\repositorios\tetris\tetrominos-ucp\src\piezas\PiezaCuadrado.ts">
        <metrics statements="1" coveredstatements="1" conditionals="0" coveredconditionals="0" methods="1" coveredmethods="1"/>
        <line num="6" count="5" type="stmt"/>
      </file>
      <file name="PiezaL.ts" path="C:\repositorios\tetris\tetrominos-ucp\src\piezas\PiezaL.ts">
        <metrics statements="1" coveredstatements="1" conditionals="0" coveredconditionals="0" methods="1" coveredmethods="1"/>
        <line num="6" count="5" type="stmt"/>
      </file>
      <file name="PiezaPalo.ts" path="C:\repositorios\tetris\tetrominos-ucp\src\piezas\PiezaPalo.ts">
        <metrics statements="1" coveredstatements="1" conditionals="0" coveredconditionals="0" methods="1" coveredmethods="1"/>
        <line num="6" count="8" type="stmt"/>
      </file>
      <file name="PiezaPerro.ts" path="C:\repositorios\tetris\tetrominos-ucp\src\piezas\PiezaPerro.ts">
        <metrics statements="1" coveredstatements="1" conditionals="0" coveredconditionals="0" methods="1" coveredmethods="1"/>
        <line num="6" count="3" type="stmt"/>
      </file>
      <file name="PiezaT.ts" path="C:\repositorios\tetris\tetrominos-ucp\src\piezas\PiezaT.ts">
        <metrics statements="1" coveredstatements="1" conditionals="0" coveredconditionals="0" methods="1" coveredmethods="1"/>
        <line num="7" count="3" type="stmt"/>
      </file>
    </package>
    <package name="src.piezas.anteriores">
      <metrics statements="8" coveredstatements="8" conditionals="0" coveredconditionals="0" methods="7" coveredmethods="6"/>
      <file name="PiezaBase.ts" path="C:\repositorios\tetris\tetrominos-ucp\src\piezas\anteriores\PiezaBase.ts">
        <metrics statements="2" coveredstatements="2" conditionals="0" coveredconditionals="0" methods="4" coveredmethods="3"/>
        <line num="3" count="6" type="stmt"/>
        <line num="5" count="10" type="stmt"/>
      </file>
      <file name="PiezaL.ts" path="C:\repositorios\tetris\tetrominos-ucp\src\piezas\anteriores\PiezaL.ts">
        <metrics statements="2" coveredstatements="2" conditionals="0" coveredconditionals="0" methods="1" coveredmethods="1"/>
        <line num="5" count="2" type="stmt"/>
        <line num="6" count="2" type="stmt"/>
      </file>
      <file name="PiezaPalo.ts" path="C:\repositorios\tetris\tetrominos-ucp\src\piezas\anteriores\PiezaPalo.ts">
        <metrics statements="2" coveredstatements="2" conditionals="0" coveredconditionals="0" methods="1" coveredmethods="1"/>
        <line num="5" count="2" type="stmt"/>
        <line num="6" count="2" type="stmt"/>
      </file>
      <file name="PiezaPerro.ts" path="C:\repositorios\tetris\tetrominos-ucp\src\piezas\anteriores\PiezaPerro.ts">
        <metrics statements="2" coveredstatements="2" conditionals="0" coveredconditionals="0" methods="1" coveredmethods="1"/>
        <line num="4" count="2" type="stmt"/>
        <line num="5" count="2" type="stmt"/>
      </file>
    </package>
  </project>
</coverage>
