{"C:\\tetrominos-ucp\\src\\Celdas.ts": {"path":"C:\\tetrominos-ucp\\src\\Celdas.ts","statementMap":{"0":{"start":{"line":4,"column":24},"end":{"line":4,"column":null}},"1":{"start":{"line":5,"column":24},"end":{"line":5,"column":null}},"2":{"start":{"line":9,"column":8},"end":{"line":9,"column":null}}},"fnMap":{"0":{"name":"constructor","decl":{"start":{"line":3,"column":4},"end":{"line":3,"column":null}},"loc":{"start":{"line":6,"column":6},"end":{"line":6,"column":null}},"line":6},"1":{"name":"equals","decl":{"start":{"line":8,"column":4},"end":{"line":8,"column":11}},"loc":{"start":{"line":8,"column":34},"end":{"line":10,"column":null}},"line":8}},"branchMap":{"0":{"loc":{"start":{"line":9,"column":15},"end":{"line":9,"column":null}},"type":"binary-expr","locations":[{"start":{"line":9,"column":15},"end":{"line":9,"column":42}},{"start":{"line":9,"column":42},"end":{"line":9,"column":null}}],"line":9}},"s":{"0":383,"1":383,"2":168},"f":{"0":383,"1":168},"b":{"0":[168,105]},"meta":{"lastBranch":1,"lastFunction":2,"lastStatement":3,"seen":{"f:3:4:3:Infinity":0,"s:4:24:4:Infinity":0,"s:5:24:5:Infinity":1,"f:8:4:8:11":1,"s:9:8:9:Infinity":2,"b:9:15:9:42:9:42:9:Infinity":0},"fnNames":{}}}
,"C:\\tetrominos-ucp\\src\\Reloj.ts": {"path":"C:\\tetrominos-ucp\\src\\Reloj.ts","statementMap":{"0":{"start":{"line":12,"column":8},"end":{"line":12,"column":null}},"1":{"start":{"line":15,"column":8},"end":{"line":15,"column":null}},"2":{"start":{"line":21,"column":8},"end":{"line":21,"column":null}},"3":{"start":{"line":24,"column":8},"end":{"line":24,"column":null}},"4":{"start":{"line":30,"column":8},"end":{"line":30,"column":null}}},"fnMap":{"0":{"name":"constructor","decl":{"start":{"line":9,"column":4},"end":{"line":9,"column":16}},"loc":{"start":{"line":9,"column":38},"end":{"line":16,"column":null}},"line":9},"1":{"name":"(anonymous_1)","decl":{"start":{"line":15,"column":13},"end":{"line":15,"column":28}},"loc":{"start":{"line":15,"column":28},"end":{"line":15,"column":null}},"line":15},"2":{"name":"iniciar","decl":{"start":{"line":18,"column":4},"end":{"line":18,"column":12}},"loc":{"start":{"line":18,"column":38},"end":{"line":25,"column":null}},"line":18},"3":{"name":"tick","decl":{"start":{"line":27,"column":4},"end":{"line":27,"column":17}},"loc":{"start":{"line":27,"column":17},"end":{"line":31,"column":null}},"line":27}},"branchMap":{},"s":{"0":7,"1":7,"2":3,"3":3,"4":3},"f":{"0":7,"1":0,"2":3,"3":3},"b":{},"meta":{"lastBranch":0,"lastFunction":4,"lastStatement":5,"seen":{"f:9:4:9:16":0,"s:12:8:12:Infinity":0,"s:15:8:15:Infinity":1,"f:15:13:15:28":1,"f:18:4:18:12":2,"s:21:8:21:Infinity":2,"s:24:8:24:Infinity":3,"f:27:4:27:17":3,"s:30:8:30:Infinity":4},"fnNames":{}}}
,"C:\\tetrominos-ucp\\src\\Tablero.ts": {"path":"C:\\tetrominos-ucp\\src\\Tablero.ts","statementMap":{"0":{"start":{"line":11,"column":31},"end":{"line":11,"column":null}},"1":{"start":{"line":6,"column":15},"end":{"line":6,"column":null}},"2":{"start":{"line":7,"column":15},"end":{"line":7,"column":null}},"3":{"start":{"line":17,"column":8},"end":{"line":21,"column":null}},"4":{"start":{"line":29,"column":31},"end":{"line":31,"column":null}},"5":{"start":{"line":30,"column":12},"end":{"line":30,"column":null}},"6":{"start":{"line":33,"column":8},"end":{"line":33,"column":null}},"7":{"start":{"line":40,"column":8},"end":{"line":45,"column":null}},"8":{"start":{"line":41,"column":12},"end":{"line":44,"column":null}},"9":{"start":{"line":52,"column":8},"end":{"line":57,"column":null}},"10":{"start":{"line":53,"column":12},"end":{"line":56,"column":null}},"11":{"start":{"line":65,"column":26},"end":{"line":65,"column":null}},"12":{"start":{"line":66,"column":7},"end":{"line":66,"column":null}},"13":{"start":{"line":67,"column":7},"end":{"line":67,"column":null}},"14":{"start":{"line":75,"column":41},"end":{"line":75,"column":null}},"15":{"start":{"line":78,"column":8},"end":{"line":88,"column":null}},"16":{"start":{"line":78,"column":24},"end":{"line":78,"column":27}},"17":{"start":{"line":81,"column":29},"end":{"line":83,"column":null}},"18":{"start":{"line":82,"column":25},"end":{"line":82,"column":null}},"19":{"start":{"line":87,"column":9},"end":{"line":87,"column":null}},"20":{"start":{"line":91,"column":8},"end":{"line":93,"column":null}},"21":{"start":{"line":92,"column":21},"end":{"line":92,"column":null}},"22":{"start":{"line":97,"column":8},"end":{"line":107,"column":null}},"23":{"start":{"line":99,"column":41},"end":{"line":101,"column":null}},"24":{"start":{"line":100,"column":24},"end":{"line":100,"column":null}},"25":{"start":{"line":103,"column":12},"end":{"line":106,"column":null}},"26":{"start":{"line":110,"column":8},"end":{"line":110,"column":null}},"27":{"start":{"line":116,"column":8},"end":{"line":116,"column":null}}},"fnMap":{"0":{"name":"constructor","decl":{"start":{"line":5,"column":4},"end":{"line":5,"column":null}},"loc":{"start":{"line":8,"column":6},"end":{"line":8,"column":null}},"line":8},"1":{"name":"esPosicionValida","decl":{"start":{"line":15,"column":4},"end":{"line":15,"column":21}},"loc":{"start":{"line":15,"column":61},"end":{"line":23,"column":null}},"line":15},"2":{"name":"agregarPieza","decl":{"start":{"line":27,"column":4},"end":{"line":27,"column":17}},"loc":{"start":{"line":27,"column":41},"end":{"line":34,"column":null}},"line":27},"3":{"name":"(anonymous_3)","decl":{"start":{"line":29,"column":38},"end":{"line":29,"column":44}},"loc":{"start":{"line":30,"column":12},"end":{"line":30,"column":null}},"line":30},"4":{"name":"moverAbajo","decl":{"start":{"line":38,"column":4},"end":{"line":38,"column":15}},"loc":{"start":{"line":38,"column":43},"end":{"line":46,"column":null}},"line":38},"5":{"name":"(anonymous_5)","decl":{"start":{"line":40,"column":22},"end":{"line":40,"column":26}},"loc":{"start":{"line":41,"column":12},"end":{"line":44,"column":null}},"line":41},"6":{"name":"puedeMoverAbajo","decl":{"start":{"line":50,"column":4},"end":{"line":50,"column":20}},"loc":{"start":{"line":50,"column":47},"end":{"line":58,"column":null}},"line":50},"7":{"name":"(anonymous_7)","decl":{"start":{"line":52,"column":22},"end":{"line":52,"column":28}},"loc":{"start":{"line":53,"column":12},"end":{"line":56,"column":null}},"line":53},"8":{"name":"moverPieza","decl":{"start":{"line":63,"column":4},"end":{"line":63,"column":15}},"loc":{"start":{"line":63,"column":43},"end":{"line":68,"column":null}},"line":63},"9":{"name":"eliminarLineasCompletas","decl":{"start":{"line":73,"column":4},"end":{"line":73,"column":38}},"loc":{"start":{"line":73,"column":38},"end":{"line":111,"column":null}},"line":73},"10":{"name":"(anonymous_10)","decl":{"start":{"line":81,"column":41},"end":{"line":81,"column":null}},"loc":{"start":{"line":82,"column":25},"end":{"line":82,"column":null}},"line":82},"11":{"name":"(anonymous_11)","decl":{"start":{"line":91,"column":34},"end":{"line":91,"column":null}},"loc":{"start":{"line":92,"column":21},"end":{"line":92,"column":null}},"line":92},"12":{"name":"(anonymous_12)","decl":{"start":{"line":97,"column":34},"end":{"line":97,"column":38}},"loc":{"start":{"line":97,"column":47},"end":{"line":107,"column":9}},"line":97},"13":{"name":"(anonymous_13)","decl":{"start":{"line":99,"column":56},"end":{"line":99,"column":null}},"loc":{"start":{"line":100,"column":24},"end":{"line":100,"column":null}},"line":100},"14":{"name":"getCeldas","decl":{"start":{"line":115,"column":4},"end":{"line":115,"column":26}},"loc":{"start":{"line":115,"column":26},"end":{"line":117,"column":null}},"line":115}},"branchMap":{"0":{"loc":{"start":{"line":18,"column":12},"end":{"line":21,"column":null}},"type":"binary-expr","locations":[{"start":{"line":18,"column":12},"end":{"line":18,"column":null}},{"start":{"line":19,"column":12},"end":{"line":19,"column":null}},{"start":{"line":20,"column":12},"end":{"line":20,"column":null}},{"start":{"line":21,"column":12},"end":{"line":21,"column":null}}],"line":18},"1":{"loc":{"start":{"line":33,"column":22},"end":{"line":33,"column":null}},"type":"cond-expr","locations":[{"start":{"line":33,"column":39},"end":{"line":33,"column":67}},{"start":{"line":33,"column":67},"end":{"line":33,"column":null}}],"line":33},"2":{"loc":{"start":{"line":66,"column":7},"end":{"line":66,"column":null}},"type":"binary-expr","locations":[{"start":{"line":66,"column":7},"end":{"line":66,"column":22}},{"start":{"line":66,"column":22},"end":{"line":66,"column":null}}],"line":66},"3":{"loc":{"start":{"line":67,"column":14},"end":{"line":67,"column":null}},"type":"cond-expr","locations":[{"start":{"line":67,"column":27},"end":{"line":67,"column":53}},{"start":{"line":67,"column":53},"end":{"line":67,"column":null}}],"line":67},"4":{"loc":{"start":{"line":87,"column":9},"end":{"line":87,"column":null}},"type":"binary-expr","locations":[{"start":{"line":87,"column":9},"end":{"line":87,"column":38}},{"start":{"line":87,"column":38},"end":{"line":87,"column":null}}],"line":87}},"s":{"0":16,"1":16,"2":16,"3":50,"4":6,"5":38,"6":6,"7":3,"8":12,"9":4,"10":10,"11":1,"12":1,"13":1,"14":2,"15":2,"16":2,"17":40,"18":440,"19":40,"20":40,"21":22,"22":40,"23":2,"24":2,"25":2,"26":40,"27":6},"f":{"0":16,"1":50,"2":6,"3":38,"4":3,"5":12,"6":4,"7":10,"8":1,"9":2,"10":440,"11":22,"12":2,"13":2,"14":6},"b":{"0":[50,50,47,47],"1":[5,1],"2":[1,1],"3":[0,1],"4":[40,2]},"meta":{"lastBranch":5,"lastFunction":15,"lastStatement":28,"seen":{"s:11:31:11:Infinity":0,"f:5:4:5:Infinity":0,"s:6:15:6:Infinity":1,"s:7:15:7:Infinity":2,"f:15:4:15:21":1,"s:17:8:21:Infinity":3,"b:18:12:18:Infinity:19:12:19:Infinity:20:12:20:Infinity:21:12:21:Infinity":0,"f:27:4:27:17":2,"s:29:31:31:Infinity":4,"f:29:38:29:44":3,"s:30:12:30:Infinity":5,"s:33:8:33:Infinity":6,"b:33:39:33:67:33:67:33:Infinity":1,"f:38:4:38:15":4,"s:40:8:45:Infinity":7,"f:40:22:40:26":5,"s:41:12:44:Infinity":8,"f:50:4:50:20":6,"s:52:8:57:Infinity":9,"f:52:22:52:28":7,"s:53:12:56:Infinity":10,"f:63:4:63:15":8,"s:65:26:65:Infinity":11,"s:66:7:66:Infinity":12,"b:66:7:66:22:66:22:66:Infinity":2,"s:67:7:67:Infinity":13,"b:67:27:67:53:67:53:67:Infinity":3,"f:73:4:73:38":9,"s:75:41:75:Infinity":14,"s:78:8:88:Infinity":15,"s:78:24:78:27":16,"s:81:29:83:Infinity":17,"f:81:41:81:Infinity":10,"s:82:25:82:Infinity":18,"s:87:9:87:Infinity":19,"b:87:9:87:38:87:38:87:Infinity":4,"s:91:8:93:Infinity":20,"f:91:34:91:Infinity":11,"s:92:21:92:Infinity":21,"s:97:8:107:Infinity":22,"f:97:34:97:38":12,"s:99:41:101:Infinity":23,"f:99:56:99:Infinity":13,"s:100:24:100:Infinity":24,"s:103:12:106:Infinity":25,"s:110:8:110:Infinity":26,"f:115:4:115:26":14,"s:116:8:116:Infinity":27},"fnNames":{}}}
,"C:\\tetrominos-ucp\\src\\Tetris.ts": {"path":"C:\\tetrominos-ucp\\src\\Tetris.ts","statementMap":{"0":{"start":{"line":30,"column":8},"end":{"line":30,"column":null}},"1":{"start":{"line":33,"column":8},"end":{"line":33,"column":null}},"2":{"start":{"line":36,"column":8},"end":{"line":36,"column":null}},"3":{"start":{"line":39,"column":8},"end":{"line":39,"column":null}},"4":{"start":{"line":42,"column":8},"end":{"line":42,"column":null}},"5":{"start":{"line":48,"column":8},"end":{"line":50,"column":null}},"6":{"start":{"line":49,"column":12},"end":{"line":49,"column":null}},"7":{"start":{"line":56,"column":8},"end":{"line":56,"column":null}},"8":{"start":{"line":63,"column":22},"end":{"line":63,"column":null}},"9":{"start":{"line":66,"column":8},"end":{"line":68,"column":null}},"10":{"start":{"line":66,"column":21},"end":{"line":66,"column":24}},"11":{"start":{"line":67,"column":12},"end":{"line":67,"column":null}},"12":{"start":{"line":73,"column":8},"end":{"line":73,"column":null}},"13":{"start":{"line":76,"column":31},"end":{"line":76,"column":null}},"14":{"start":{"line":79,"column":27},"end":{"line":79,"column":null}},"15":{"start":{"line":82,"column":8},"end":{"line":85,"column":null}}},"fnMap":{"0":{"name":"constructor","decl":{"start":{"line":27,"column":4},"end":{"line":27,"column":18}},"loc":{"start":{"line":27,"column":18},"end":{"line":43,"column":null}},"line":27},"1":{"name":"iniciar","decl":{"start":{"line":45,"column":4},"end":{"line":45,"column":20}},"loc":{"start":{"line":45,"column":20},"end":{"line":51,"column":null}},"line":45},"2":{"name":"(anonymous_2)","decl":{"start":{"line":48,"column":19},"end":{"line":48,"column":33}},"loc":{"start":{"line":48,"column":33},"end":{"line":50,"column":9}},"line":48},"3":{"name":"tick","decl":{"start":{"line":53,"column":4},"end":{"line":53,"column":17}},"loc":{"start":{"line":53,"column":17},"end":{"line":57,"column":null}},"line":53},"4":{"name":"rotarAleatoriamente","decl":{"start":{"line":60,"column":4},"end":{"line":60,"column":32}},"loc":{"start":{"line":60,"column":32},"end":{"line":69,"column":null}},"line":60},"5":{"name":"avanzarTurno","decl":{"start":{"line":71,"column":4},"end":{"line":71,"column":25}},"loc":{"start":{"line":71,"column":25},"end":{"line":87,"column":null}},"line":71}},"branchMap":{"0":{"loc":{"start":{"line":73,"column":8},"end":{"line":73,"column":null}},"type":"binary-expr","locations":[{"start":{"line":73,"column":8},"end":{"line":73,"column":32}},{"start":{"line":73,"column":32},"end":{"line":73,"column":null}}],"line":73},"1":{"loc":{"start":{"line":79,"column":27},"end":{"line":79,"column":null}},"type":"binary-expr","locations":[{"start":{"line":79,"column":27},"end":{"line":79,"column":51}},{"start":{"line":79,"column":51},"end":{"line":79,"column":null}}],"line":79},"2":{"loc":{"start":{"line":82,"column":8},"end":{"line":85,"column":null}},"type":"binary-expr","locations":[{"start":{"line":82,"column":8},"end":{"line":82,"column":null}},{"start":{"line":83,"column":12},"end":{"line":85,"column":null}}],"line":82},"3":{"loc":{"start":{"line":83,"column":12},"end":{"line":85,"column":null}},"type":"cond-expr","locations":[{"start":{"line":84,"column":18},"end":{"line":84,"column":null}},{"start":{"line":85,"column":18},"end":{"line":85,"column":null}}],"line":83}},"s":{"0":5,"1":5,"2":5,"3":5,"4":5,"5":2,"6":2,"7":2,"8":1,"9":1,"10":1,"11":1,"12":3,"13":3,"14":3,"15":3},"f":{"0":5,"1":2,"2":2,"3":2,"4":1,"5":3},"b":{"0":[3,2],"1":[3,2],"2":[3,2],"3":[2,0]},"meta":{"lastBranch":4,"lastFunction":6,"lastStatement":16,"seen":{"f:27:4:27:18":0,"s:30:8:30:Infinity":0,"s:33:8:33:Infinity":1,"s:36:8:36:Infinity":2,"s:39:8:39:Infinity":3,"s:42:8:42:Infinity":4,"f:45:4:45:20":1,"s:48:8:50:Infinity":5,"f:48:19:48:33":2,"s:49:12:49:Infinity":6,"f:53:4:53:17":3,"s:56:8:56:Infinity":7,"f:60:4:60:32":4,"s:63:22:63:Infinity":8,"s:66:8:68:Infinity":9,"s:66:21:66:24":10,"s:67:12:67:Infinity":11,"f:71:4:71:25":5,"s:73:8:73:Infinity":12,"b:73:8:73:32:73:32:73:Infinity":0,"s:76:31:76:Infinity":13,"s:79:27:79:Infinity":14,"b:79:27:79:51:79:51:79:Infinity":1,"s:82:8:85:Infinity":15,"b:82:8:82:Infinity:83:12:85:Infinity":2,"b:84:18:84:Infinity:85:18:85:Infinity":3},"fnNames":{}}}
,"C:\\tetrominos-ucp\\src\\piezas\\PiezaBase.ts": {"path":"C:\\tetrominos-ucp\\src\\piezas\\PiezaBase.ts","statementMap":{"0":{"start":{"line":14,"column":8},"end":{"line":14,"column":null}},"1":{"start":{"line":17,"column":8},"end":{"line":17,"column":null}},"2":{"start":{"line":23,"column":33},"end":{"line":23,"column":null}},"3":{"start":{"line":26,"column":8},"end":{"line":34,"column":null}},"4":{"start":{"line":28,"column":12},"end":{"line":33,"column":null}},"5":{"start":{"line":31,"column":16},"end":{"line":31,"column":null}},"6":{"start":{"line":37,"column":24},"end":{"line":37,"column":null}},"7":{"start":{"line":37,"column":52},"end":{"line":37,"column":58}},"8":{"start":{"line":38,"column":27},"end":{"line":38,"column":null}},"9":{"start":{"line":38,"column":55},"end":{"line":38,"column":64}},"10":{"start":{"line":41,"column":8},"end":{"line":46,"column":null}},"11":{"start":{"line":42,"column":12},"end":{"line":45,"column":null}},"12":{"start":{"line":51,"column":8},"end":{"line":51,"column":null}},"13":{"start":{"line":56,"column":8},"end":{"line":56,"column":null}},"14":{"start":{"line":63,"column":8},"end":{"line":63,"column":null}},"15":{"start":{"line":68,"column":8},"end":{"line":68,"column":null}},"16":{"start":{"line":68,"column":48},"end":{"line":68,"column":54}},"17":{"start":{"line":73,"column":8},"end":{"line":73,"column":null}},"18":{"start":{"line":73,"column":48},"end":{"line":73,"column":57}},"19":{"start":{"line":79,"column":28},"end":{"line":79,"column":null}},"20":{"start":{"line":81,"column":31},"end":{"line":85,"column":null}},"21":{"start":{"line":82,"column":12},"end":{"line":84,"column":null}},"22":{"start":{"line":83,"column":16},"end":{"line":83,"column":null}},"23":{"start":{"line":87,"column":8},"end":{"line":87,"column":null}},"24":{"start":{"line":93,"column":21},"end":{"line":93,"column":null}},"25":{"start":{"line":95,"column":8},"end":{"line":100,"column":null}},"26":{"start":{"line":96,"column":12},"end":{"line":99,"column":null}},"27":{"start":{"line":106,"column":22},"end":{"line":106,"column":null}},"28":{"start":{"line":108,"column":8},"end":{"line":113,"column":null}},"29":{"start":{"line":109,"column":12},"end":{"line":112,"column":null}}},"fnMap":{"0":{"name":"constructor","decl":{"start":{"line":11,"column":4},"end":{"line":11,"column":16}},"loc":{"start":{"line":11,"column":50},"end":{"line":18,"column":null}},"line":11},"1":{"name":"desdeMatriz","decl":{"start":{"line":21,"column":18},"end":{"line":21,"column":30}},"loc":{"start":{"line":21,"column":60},"end":{"line":47,"column":null}},"line":21},"2":{"name":"(anonymous_2)","decl":{"start":{"line":26,"column":15},"end":{"line":26,"column":24}},"loc":{"start":{"line":26,"column":36},"end":{"line":34,"column":9}},"line":26},"3":{"name":"(anonymous_3)","decl":{"start":{"line":28,"column":17},"end":{"line":28,"column":26}},"loc":{"start":{"line":28,"column":39},"end":{"line":33,"column":13}},"line":28},"4":{"name":"(anonymous_4)","decl":{"start":{"line":37,"column":43},"end":{"line":37,"column":47}},"loc":{"start":{"line":37,"column":52},"end":{"line":37,"column":58}},"line":37},"5":{"name":"(anonymous_5)","decl":{"start":{"line":38,"column":46},"end":{"line":38,"column":50}},"loc":{"start":{"line":38,"column":55},"end":{"line":38,"column":64}},"line":38},"6":{"name":"(anonymous_6)","decl":{"start":{"line":41,"column":22},"end":{"line":41,"column":26}},"loc":{"start":{"line":42,"column":12},"end":{"line":45,"column":null}},"line":42},"7":{"name":"getNombre","decl":{"start":{"line":50,"column":4},"end":{"line":50,"column":24}},"loc":{"start":{"line":50,"column":24},"end":{"line":52,"column":null}},"line":50},"8":{"name":"getCeldas","decl":{"start":{"line":55,"column":4},"end":{"line":55,"column":26}},"loc":{"start":{"line":55,"column":26},"end":{"line":57,"column":null}},"line":55},"9":{"name":"actualizarCeldas","decl":{"start":{"line":60,"column":4},"end":{"line":60,"column":21}},"loc":{"start":{"line":60,"column":45},"end":{"line":64,"column":null}},"line":60},"10":{"name":"alto","decl":{"start":{"line":67,"column":4},"end":{"line":67,"column":19}},"loc":{"start":{"line":67,"column":19},"end":{"line":69,"column":null}},"line":67},"11":{"name":"(anonymous_11)","decl":{"start":{"line":68,"column":39},"end":{"line":68,"column":43}},"loc":{"start":{"line":68,"column":48},"end":{"line":68,"column":54}},"line":68},"12":{"name":"ancho","decl":{"start":{"line":72,"column":4},"end":{"line":72,"column":20}},"loc":{"start":{"line":72,"column":20},"end":{"line":74,"column":null}},"line":72},"13":{"name":"(anonymous_13)","decl":{"start":{"line":73,"column":39},"end":{"line":73,"column":43}},"loc":{"start":{"line":73,"column":48},"end":{"line":73,"column":57}},"line":73},"14":{"name":"tieneForma","decl":{"start":{"line":77,"column":4},"end":{"line":77,"column":15}},"loc":{"start":{"line":77,"column":45},"end":{"line":88,"column":null}},"line":77},"15":{"name":"(anonymous_15)","decl":{"start":{"line":81,"column":41},"end":{"line":81,"column":47}},"loc":{"start":{"line":82,"column":12},"end":{"line":84,"column":null}},"line":82},"16":{"name":"(anonymous_16)","decl":{"start":{"line":82,"column":24},"end":{"line":82,"column":29}},"loc":{"start":{"line":83,"column":16},"end":{"line":83,"column":null}},"line":83},"17":{"name":"rotarDerecha","decl":{"start":{"line":91,"column":4},"end":{"line":91,"column":25}},"loc":{"start":{"line":91,"column":25},"end":{"line":101,"column":null}},"line":91},"18":{"name":"(anonymous_18)","decl":{"start":{"line":95,"column":34},"end":{"line":95,"column":38}},"loc":{"start":{"line":96,"column":12},"end":{"line":99,"column":null}},"line":96},"19":{"name":"rotarIzquierda","decl":{"start":{"line":104,"column":4},"end":{"line":104,"column":27}},"loc":{"start":{"line":104,"column":27},"end":{"line":114,"column":null}},"line":104},"20":{"name":"(anonymous_20)","decl":{"start":{"line":108,"column":34},"end":{"line":108,"column":38}},"loc":{"start":{"line":109,"column":12},"end":{"line":112,"column":null}},"line":109}},"branchMap":{"0":{"loc":{"start":{"line":31,"column":16},"end":{"line":31,"column":null}},"type":"binary-expr","locations":[{"start":{"line":31,"column":16},"end":{"line":31,"column":31}},{"start":{"line":31,"column":31},"end":{"line":31,"column":null}}],"line":31},"1":{"loc":{"start":{"line":87,"column":15},"end":{"line":87,"column":null}},"type":"binary-expr","locations":[{"start":{"line":87,"column":15},"end":{"line":87,"column":30}},{"start":{"line":87,"column":30},"end":{"line":87,"column":null}}],"line":87}},"s":{"0":27,"1":27,"2":24,"3":24,"4":69,"5":118,"6":24,"7":96,"8":24,"9":96,"10":24,"11":96,"12":1,"13":6,"14":2,"15":8,"16":31,"17":6,"18":23,"19":18,"20":18,"21":68,"22":165,"23":18,"24":7,"25":7,"26":28,"27":5,"28":5,"29":20},"f":{"0":27,"1":9,"2":69,"3":118,"4":96,"5":96,"6":96,"7":1,"8":6,"9":2,"10":8,"11":31,"12":6,"13":23,"14":18,"15":68,"16":165,"17":7,"18":28,"19":5,"20":20},"b":{"0":[118,96],"1":[18,17]},"meta":{"lastBranch":2,"lastFunction":21,"lastStatement":30,"seen":{"f:11:4:11:16":0,"s:14:8:14:Infinity":0,"s:17:8:17:Infinity":1,"f:21:18:21:30":1,"s:23:33:23:Infinity":2,"s:26:8:34:Infinity":3,"f:26:15:26:24":2,"s:28:12:33:Infinity":4,"f:28:17:28:26":3,"s:31:16:31:Infinity":5,"b:31:16:31:31:31:31:31:Infinity":0,"s:37:24:37:Infinity":6,"f:37:43:37:47":4,"s:37:52:37:58":7,"s:38:27:38:Infinity":8,"f:38:46:38:50":5,"s:38:55:38:64":9,"s:41:8:46:Infinity":10,"f:41:22:41:26":6,"s:42:12:45:Infinity":11,"f:50:4:50:24":7,"s:51:8:51:Infinity":12,"f:55:4:55:26":8,"s:56:8:56:Infinity":13,"f:60:4:60:21":9,"s:63:8:63:Infinity":14,"f:67:4:67:19":10,"s:68:8:68:Infinity":15,"f:68:39:68:43":11,"s:68:48:68:54":16,"f:72:4:72:20":12,"s:73:8:73:Infinity":17,"f:73:39:73:43":13,"s:73:48:73:57":18,"f:77:4:77:15":14,"s:79:28:79:Infinity":19,"s:81:31:85:Infinity":20,"f:81:41:81:47":15,"s:82:12:84:Infinity":21,"f:82:24:82:29":16,"s:83:16:83:Infinity":22,"s:87:8:87:Infinity":23,"b:87:15:87:30:87:30:87:Infinity":1,"f:91:4:91:25":17,"s:93:21:93:Infinity":24,"s:95:8:100:Infinity":25,"f:95:34:95:38":18,"s:96:12:99:Infinity":26,"f:104:4:104:27":19,"s:106:22:106:Infinity":27,"s:108:8:113:Infinity":28,"f:108:34:108:38":20,"s:109:12:112:Infinity":29},"fnNames":{}}}
,"C:\\tetrominos-ucp\\src\\piezas\\PiezaCuadrado.ts": {"path":"C:\\tetrominos-ucp\\src\\piezas\\PiezaCuadrado.ts","statementMap":{"0":{"start":{"line":6,"column":8},"end":{"line":12,"column":null}}},"fnMap":{"0":{"name":"constructor","decl":{"start":{"line":5,"column":4},"end":{"line":5,"column":18}},"loc":{"start":{"line":5,"column":18},"end":{"line":13,"column":null}},"line":5}},"branchMap":{},"s":{"0":5},"f":{"0":5},"b":{},"meta":{"lastBranch":0,"lastFunction":1,"lastStatement":1,"seen":{"f:5:4:5:18":0,"s:6:8:12:Infinity":0},"fnNames":{}}}
,"C:\\tetrominos-ucp\\src\\piezas\\PiezaL.ts": {"path":"C:\\tetrominos-ucp\\src\\piezas\\PiezaL.ts","statementMap":{"0":{"start":{"line":6,"column":8},"end":{"line":13,"column":null}}},"fnMap":{"0":{"name":"constructor","decl":{"start":{"line":5,"column":4},"end":{"line":5,"column":18}},"loc":{"start":{"line":5,"column":18},"end":{"line":14,"column":null}},"line":5}},"branchMap":{},"s":{"0":5},"f":{"0":5},"b":{},"meta":{"lastBranch":0,"lastFunction":1,"lastStatement":1,"seen":{"f:5:4:5:18":0,"s:6:8:13:Infinity":0},"fnNames":{}}}
,"C:\\tetrominos-ucp\\src\\piezas\\PiezaPalo.ts": {"path":"C:\\tetrominos-ucp\\src\\piezas\\PiezaPalo.ts","statementMap":{"0":{"start":{"line":6,"column":8},"end":{"line":14,"column":null}}},"fnMap":{"0":{"name":"constructor","decl":{"start":{"line":5,"column":4},"end":{"line":5,"column":18}},"loc":{"start":{"line":5,"column":18},"end":{"line":15,"column":null}},"line":5}},"branchMap":{},"s":{"0":8},"f":{"0":8},"b":{},"meta":{"lastBranch":0,"lastFunction":1,"lastStatement":1,"seen":{"f:5:4:5:18":0,"s:6:8:14:Infinity":0},"fnNames":{}}}
,"C:\\tetrominos-ucp\\src\\piezas\\PiezaPerro.ts": {"path":"C:\\tetrominos-ucp\\src\\piezas\\PiezaPerro.ts","statementMap":{"0":{"start":{"line":6,"column":8},"end":{"line":12,"column":null}}},"fnMap":{"0":{"name":"constructor","decl":{"start":{"line":5,"column":4},"end":{"line":5,"column":18}},"loc":{"start":{"line":5,"column":18},"end":{"line":13,"column":null}},"line":5}},"branchMap":{},"s":{"0":3},"f":{"0":3},"b":{},"meta":{"lastBranch":0,"lastFunction":1,"lastStatement":1,"seen":{"f:5:4:5:18":0,"s:6:8:12:Infinity":0},"fnNames":{}}}
,"C:\\tetrominos-ucp\\src\\piezas\\PiezaT.ts": {"path":"C:\\tetrominos-ucp\\src\\piezas\\PiezaT.ts","statementMap":{"0":{"start":{"line":7,"column":8},"end":{"line":13,"column":null}}},"fnMap":{"0":{"name":"constructor","decl":{"start":{"line":5,"column":4},"end":{"line":5,"column":18}},"loc":{"start":{"line":5,"column":18},"end":{"line":15,"column":null}},"line":5}},"branchMap":{},"s":{"0":3},"f":{"0":3},"b":{},"meta":{"lastBranch":0,"lastFunction":1,"lastStatement":1,"seen":{"f:5:4:5:18":0,"s:7:8:13:Infinity":0},"fnNames":{}}}
,"C:\\tetrominos-ucp\\src\\piezas\\anteriores\\PiezaBase.ts": {"path":"C:\\tetrominos-ucp\\src\\piezas\\anteriores\\PiezaBase.ts","statementMap":{"0":{"start":{"line":3,"column":25},"end":{"line":3,"column":null}},"1":{"start":{"line":5,"column":8},"end":{"line":5,"column":null}},"2":{"start":{"line":5,"column":57},"end":{"line":5,"column":101}},"3":{"start":{"line":5,"column":80},"end":{"line":5,"column":90}}},"fnMap":{"0":{"name":"rotarderecha","decl":{"start":{"line":4,"column":4},"end":{"line":4,"column":19}},"loc":{"start":{"line":4,"column":19},"end":{"line":6,"column":null}},"line":4},"1":{"name":"(anonymous_1)","decl":{"start":{"line":5,"column":37},"end":{"line":5,"column":42}},"loc":{"start":{"line":5,"column":57},"end":{"line":5,"column":101}},"line":5},"2":{"name":"(anonymous_2)","decl":{"start":{"line":5,"column":69},"end":{"line":5,"column":73}},"loc":{"start":{"line":5,"column":80},"end":{"line":5,"column":90}},"line":5},"3":{"name":"rotarizquierda","decl":{"start":{"line":7,"column":4},"end":{"line":7,"column":21}},"loc":{"start":{"line":7,"column":21},"end":{"line":9,"column":null}},"line":7}},"branchMap":{},"s":{"0":6,"1":2,"2":4,"3":10},"f":{"0":2,"1":4,"2":10,"3":0},"b":{},"meta":{"lastBranch":0,"lastFunction":4,"lastStatement":4,"seen":{"s:3:25:3:Infinity":0,"f:4:4:4:19":0,"s:5:8:5:Infinity":1,"f:5:37:5:42":1,"s:5:57:5:101":2,"f:5:69:5:73":2,"s:5:80:5:90":3,"f:7:4:7:21":3},"fnNames":{}}}
,"C:\\tetrominos-ucp\\src\\piezas\\anteriores\\PiezaL.ts": {"path":"C:\\tetrominos-ucp\\src\\piezas\\anteriores\\PiezaL.ts","statementMap":{"0":{"start":{"line":5,"column":8},"end":{"line":5,"column":null}},"1":{"start":{"line":6,"column":8},"end":{"line":10,"column":null}}},"fnMap":{"0":{"name":"constructor","decl":{"start":{"line":4,"column":4},"end":{"line":4,"column":18}},"loc":{"start":{"line":4,"column":18},"end":{"line":11,"column":null}},"line":4}},"branchMap":{},"s":{"0":2,"1":2},"f":{"0":2},"b":{},"meta":{"lastBranch":0,"lastFunction":1,"lastStatement":2,"seen":{"f:4:4:4:18":0,"s:5:8:5:Infinity":0,"s:6:8:10:Infinity":1},"fnNames":{}}}
,"C:\\tetrominos-ucp\\src\\piezas\\anteriores\\PiezaPalo.ts": {"path":"C:\\tetrominos-ucp\\src\\piezas\\anteriores\\PiezaPalo.ts","statementMap":{"0":{"start":{"line":5,"column":4},"end":{"line":5,"column":null}},"1":{"start":{"line":6,"column":4},"end":{"line":6,"column":null}}},"fnMap":{"0":{"name":"constructor","decl":{"start":{"line":4,"column":2},"end":{"line":4,"column":16}},"loc":{"start":{"line":4,"column":16},"end":{"line":7,"column":null}},"line":4}},"branchMap":{},"s":{"0":2,"1":2},"f":{"0":2},"b":{},"meta":{"lastBranch":0,"lastFunction":1,"lastStatement":2,"seen":{"f:4:2:4:16":0,"s:5:4:5:Infinity":0,"s:6:4:6:Infinity":1},"fnNames":{}}}
,"C:\\tetrominos-ucp\\src\\piezas\\anteriores\\PiezaPerro.ts": {"path":"C:\\tetrominos-ucp\\src\\piezas\\anteriores\\PiezaPerro.ts","statementMap":{"0":{"start":{"line":4,"column":8},"end":{"line":4,"column":null}},"1":{"start":{"line":5,"column":8},"end":{"line":8,"column":null}}},"fnMap":{"0":{"name":"constructor","decl":{"start":{"line":3,"column":4},"end":{"line":3,"column":18}},"loc":{"start":{"line":3,"column":18},"end":{"line":9,"column":null}},"line":3}},"branchMap":{},"s":{"0":2,"1":2},"f":{"0":2},"b":{},"meta":{"lastBranch":0,"lastFunction":1,"lastStatement":2,"seen":{"f:3:4:3:18":0,"s:4:8:4:Infinity":0,"s:5:8:8:Infinity":1},"fnNames":{}}}
}
